app/build/outputs/logs/manifest-merger-debug-report.txt
-- Merging decision tree log ---
provider#androidx.core.content.FileProvider
INJECTED from src\main\AndroidManifest.xml:160:5-169:16
	android:grantUriPermissions
		ADDED from src\main\AndroidManifest.xml:164:7-41
	android:authorities
		INJECTED from src\main\AndroidManifest.xml
		ADDED from src\main\AndroidManifest.xml:162:7-54
	android:exported
		ADDED from src\main\AndroidManifest.xml:163:7-31
	android:name
		ADDED from src\main\AndroidManifest.xml:161:7-56
manifest
ADDED from src\main\AndroidManifest.xml:2:1-176:12
INJECTED from src\main\AndroidManifest.xml:2:1-176:12
INJECTED from src\main\AndroidManifest.xml:2:1-176:12
INJECTED from src\main\AndroidManifest.xml:2:1-176:12
MERGED from [com.otaliastudios:cameraview:2.4.0] AndroidManifest.xml:2:1-34:12
MERGED from [:core] AndroidManifest.xml:2:1-11:12
MERGED from [:flag-kit] AndroidManifest.xml:2:1-11:12
MERGED from [:photolib] AndroidManifest.xml:2:1-11:12
MERGED from [com.devexpress.logify:logify-alert-android:1.0.2] AndroidManifest.xml:2:1-18:12
MERGED from [com.microsoft.appcenter:appcenter-analytics:3.1.0] AndroidManifest.xml:6:1-15:12
MERGED from [com.microsoft.appcenter:appcenter-crashes:3.1.0] AndroidManifest.xml:6:1-15:12
MERGED from [com.karumi:dexter:6.0.0] AndroidManifest.xml:17:1-32:12
MERGED from [com.github.tizisdeepan:gallerypicker:1.0.1] AndroidManifest.xml:2:1-15:12
MERGED from [com.google.android.material:material:1.2.0-alpha06] AndroidManifest.xml:17:1-24:12
MERGED from [com.google.dagger:dagger-android-support:2.13] AndroidManifest.xml:16:1-19:12
MERGED from [com.github.shivam301296:Android-CustomToast:1.0.1] AndroidManifest.xml:2:1-17:12
MERGED from [com.github.skydoves:powermenu:2.1.2] AndroidManifest.xml:2:1-11:12
MERGED from [androidx.appcompat:appcompat:1.1.0] AndroidManifest.xml:17:1-24:12
MERGED from [androidx.constraintlayout:constraintlayout:1.1.3] AndroidManifest.xml:2:1-11:12
MERGED from [androidx.viewpager2:viewpager2:1.0.0] AndroidManifest.xml:17:1-24:12
MERGED from [androidx.recyclerview:recyclerview:1.1.0] AndroidManifest.xml:17:1-24:12
MERGED from [androidx.lifecycle:lifecycle-extensions:2.2.0] AndroidManifest.xml:17:1-27:12
MERGED from [com.google.android.gms:play-services-maps:17.0.0] AndroidManifest.xml:17:1-38:12
MERGED from [com.google.android.gms:play-services-location:17.0.0] AndroidManifest.xml:2:1-9:12
MERGED from [com.google.firebase:firebase-messaging:20.1.5] AndroidManifest.xml:17:1-44:12
MERGED from [com.google.firebase:firebase-analytics:17.3.0] AndroidManifest.xml:2:1-9:12
MERGED from [com.google.android.gms:play-services-measurement-api:17.3.0] AndroidManifest.xml:17:1-36:12
MERGED from [com.google.firebase:firebase-iid:20.1.5] AndroidManifest.xml:17:1-47:12
MERGED from [com.google.firebase:firebase-iid-interop:17.0.0] AndroidManifest.xml:2:1-10:12
MERGED from [com.google.android.gms:play-services-base:17.0.0] AndroidManifest.xml:17:1-29:12
MERGED from [com.google.firebase:firebase-datatransport:17.0.3] AndroidManifest.xml:15:1-34:12
MERGED from [com.google.firebase:firebase-installations:16.2.1] AndroidManifest.xml:2:1-23:12
MERGED from [com.google.firebase:firebase-common:19.3.0] AndroidManifest.xml:15:1-39:12
MERGED from [com.google.firebase:firebase-installations-interop:16.0.0] AndroidManifest.xml:15:1-23:12
MERGED from [com.google.android.gms:play-services-tasks:17.0.0] AndroidManifest.xml:2:1-9:12
MERGED from [com.google.android.gms:play-services-places-placereport:17.0.0] AndroidManifest.xml:17:1-24:12
MERGED from [com.google.android.gms:play-services-measurement:17.3.0] AndroidManifest.xml:17:1-55:12
MERGED from [com.google.android.gms:play-services-measurement-sdk:17.3.0] AndroidManifest.xml:17:1-25:12
MERGED from [com.google.android.gms:play-services-measurement-impl:17.3.0] AndroidManifest.xml:17:1-40:12
MERGED from [com.google.android.gms:play-services-stats:17.0.0] AndroidManifest.xml:2:1-9:12
MERGED from [com.google.firebase:firebase-measurement-connector:18.0.0] AndroidManifest.xml:17:1-25:12
MERGED from [com.google.android.gms:play-services-measurement-sdk-api:17.3.0] AndroidManifest.xml:17:1-27:12
MERGED from [com.google.android.gms:play-services-measurement-base:17.3.0] AndroidManifest.xml:2:1-9:12
MERGED from [com.google.android.gms:play-services-ads-identifier:17.0.0] AndroidManifest.xml:17:1-24:12
MERGED from [com.google.android.gms:play-services-basement:17.0.0] AndroidManifest.xml:17:1-28:12
MERGED from [com.github.bumptech.glide:glide:4.7.1] AndroidManifest.xml:2:1-13:12
MERGED from [androidx.legacy:legacy-support-v4:1.0.0] AndroidManifest.xml:17:1-22:12
MERGED from [androidx.fragment:fragment:1.2.0] AndroidManifest.xml:17:1-24:12
MERGED from [androidx.room:room-rxjava2:2.2.5] AndroidManifest.xml:17:1-24:12
MERGED from [androidx.legacy:legacy-support-core-ui:1.0.0] AndroidManifest.xml:17:1-22:12
MERGED from [androidx.legacy:legacy-support-core-utils:1.0.0] AndroidManifest.xml:17:1-22:12
MERGED from [androidx.loader:loader:1.0.0] AndroidManifest.xml:17:1-22:12
MERGED from [androidx.activity:activity:1.1.0] AndroidManifest.xml:17:1-24:12
MERGED from [androidx.lifecycle:lifecycle-viewmodel-savedstate:1.0.0] AndroidManifest.xml:17:1-24:12
MERGED from [androidx.lifecycle:lifecycle-viewmodel:2.2.0] AndroidManifest.xml:17:1-24:12
MERGED from [androidx.multidex:multidex:2.0.1] AndroidManifest.xml:17:1-22:12
MERGED from [androidx.work:work-runtime:2.3.0] AndroidManifest.xml:17:1-132:12
MERGED from [androidx.room:room-runtime:2.2.5] AndroidManifest.xml:17:1-31:12
MERGED from [com.firebase:firebase-jobdispatcher:0.8.5] AndroidManifest.xml:17:1-42:12
MERGED from [com.google.android.datatransport:transport-backend-cct:2.2.0] AndroidManifest.xml:15:1-38:12
MERGED from [com.google.android.datatransport:transport-runtime:2.2.0] AndroidManifest.xml:15:1-41:12
MERGED from [com.google.dagger:dagger-android:2.13] AndroidManifest.xml:16:1-19:12
MERGED from [org.whispersystems:signal-service-android:2.13.9] AndroidManifest.xml:2:1-13:12
MERGED from [io.reactivex.rxjava2:rxandroid:2.1.1] AndroidManifest.xml:15:1-20:12
MERGED from [de.hdodenhof:circleimageview:3.0.2] AndroidManifest.xml:2:1-11:12
MERGED from [com.github.zurche:plain-pie:v0.2.9] AndroidManifest.xml:2:1-11:12
MERGED from [com.github.linger1216:labelview:v1.1.2] AndroidManifest.xml:2:1-12:12
MERGED from [com.shuhart.stepview:stepview:1.5.0] AndroidManifest.xml:2:1-11:12
MERGED from [com.kongzue.dialog_v3x:dialog:3.1.8] AndroidManifest.xml:2:1-11:12
MERGED from [com.ramijemli.percentagechartview:percentagechartview:0.3.0] AndroidManifest.xml:2:1-11:12
MERGED from [com.pnikosis:materialish-progress:1.7] AndroidManifest.xml:2:1-13:12
MERGED from [androidx.exifinterface:exifinterface:1.0.0] AndroidManifest.xml:17:1-22:12
MERGED from [androidx.appcompat:appcompat-resources:1.1.0] AndroidManifest.xml:17:1-24:12
MERGED from [androidx.drawerlayout:drawerlayout:1.0.0] AndroidManifest.xml:17:1-22:12
MERGED from [androidx.coordinatorlayout:coordinatorlayout:1.1.0] AndroidManifest.xml:17:1-24:12
MERGED from [androidx.transition:transition:1.2.0] AndroidManifest.xml:17:1-24:12
MERGED from [androidx.vectordrawable:vectordrawable-animated:1.1.0] AndroidManifest.xml:17:1-24:12
MERGED from [androidx.vectordrawable:vectordrawable:1.1.0] AndroidManifest.xml:17:1-24:12
MERGED from [androidx.viewpager:viewpager:1.0.0] AndroidManifest.xml:17:1-22:12
MERGED from [androidx.slidingpanelayout:slidingpanelayout:1.0.0] AndroidManifest.xml:17:1-22:12
MERGED from [androidx.customview:customview:1.0.0] AndroidManifest.xml:17:1-22:12
MERGED from [androidx.media:media:1.0.0] AndroidManifest.xml:17:1-22:12
MERGED from [androidx.swiperefreshlayout:swiperefreshlayout:1.0.0] AndroidManifest.xml:17:1-22:12
MERGED from [androidx.asynclayoutinflater:asynclayoutinflater:1.0.0] AndroidManifest.xml:17:1-22:12
MERGED from [androidx.core:core:1.2.0] AndroidManifest.xml:17:1-26:12
MERGED from [androidx.lifecycle:lifecycle-process:2.2.0] AndroidManifest.xml:17:1-32:12
MERGED from [androidx.lifecycle:lifecycle-service:2.2.0] AndroidManifest.xml:17:1-24:12
MERGED from [androidx.lifecycle:lifecycle-runtime:2.2.0] AndroidManifest.xml:17:1-24:12
MERGED from [androidx.lifecycle:lifecycle-livedata:2.2.0] AndroidManifest.xml:17:1-24:12
MERGED from [androidx.lifecycle:lifecycle-livedata-core:2.2.0] AndroidManifest.xml:17:1-24:12
MERGED from [androidx.savedstate:savedstate:1.0.0] AndroidManifest.xml:17:1-24:12
MERGED from [androidx.cursoradapter:cursoradapter:1.0.0] AndroidManifest.xml:17:1-22:12
MERGED from [androidx.cardview:cardview:1.0.0] AndroidManifest.xml:17:1-22:12
MERGED from [androidx.arch.core:core-runtime:2.1.0] AndroidManifest.xml:17:1-24:12
MERGED from [androidx.sqlite:sqlite-framework:2.0.1] AndroidManifest.xml:17:1-22:12
MERGED from [androidx.sqlite:sqlite:2.0.1] AndroidManifest.xml:17:1-22:12
MERGED from [com.google.firebase:firebase-components:16.0.0] AndroidManifest.xml:15:1-23:12
MERGED from [com.google.firebase:firebase-encoders-json:16.0.0] AndroidManifest.xml:15:1-23:12
MERGED from [androidx.versionedparcelable:versionedparcelable:1.1.0] AndroidManifest.xml:17:1-27:12
MERGED from [androidx.documentfile:documentfile:1.0.0] AndroidManifest.xml:17:1-22:12
MERGED from [androidx.localbroadcastmanager:localbroadcastmanager:1.0.0] AndroidManifest.xml:17:1-22:12
MERGED from [androidx.print:print:1.0.0] AndroidManifest.xml:17:1-22:12
MERGED from [com.github.bumptech.glide:gifdecoder:4.7.1] AndroidManifest.xml:2:1-11:12
MERGED from [androidx.interpolator:interpolator:1.0.0] AndroidManifest.xml:17:1-22:12
MERGED from [com.microsoft.appcenter:appcenter:3.1.0] AndroidManifest.xml:6:1-18:12
MERGED from [androidx.annotation:annotation-experimental:1.0.0] AndroidManifest.xml:17:1-24:12
MERGED from [com.google.android.datatransport:transport-api:2.2.0] AndroidManifest.xml:15:1-22:12
MERGED from [org.signal:signal-metadata-android:0.0.3] AndroidManifest.xml:2:1-5:12
MERGED from [org.whispersystems:signal-protocol-android:2.7.1] AndroidManifest.xml:2:1-5:12
MERGED from [org.whispersystems:curve25519-android:0.5.0] AndroidManifest.xml:2:1-7:12
INJECTED from src\main\AndroidManifest.xml:2:1-176:12
INJECTED from src\main\AndroidManifest.xml:2:1-176:12
INJECTED from src\main\AndroidManifest.xml:2:1-176:12
	package
		ADDED from src\main\AndroidManifest.xml:5:3-37
		INJECTED from src\main\AndroidManifest.xml
		INJECTED from src\main\AndroidManifest.xml
	android:versionName
		INJECTED from src\main\AndroidManifest.xml
		ADDED from src\main\AndroidManifest.xml:2:1-176:12
		INJECTED from src\main\AndroidManifest.xml
	xmlns:tools
		ADDED from src\main\AndroidManifest.xml:4:3-49
	android:versionCode
		INJECTED from src\main\AndroidManifest.xml
		ADDED from src\main\AndroidManifest.xml:2:1-176:12
		INJECTED from src\main\AndroidManifest.xml
	xmlns:android
		ADDED from src\main\AndroidManifest.xml:3:3-61
	android:installLocation
		ADDED from src\main\AndroidManifest.xml:6:3-33
uses-feature#android.hardware.camera
ADDED from src\main\AndroidManifest.xml:8:3-58
MERGED from [com.otaliastudios:cameraview:2.4.0] AndroidManifest.xml:19:5-21:36
MERGED from [com.otaliastudios:cameraview:2.4.0] AndroidManifest.xml:19:5-21:36
	android:name
		ADDED from src\main\AndroidManifest.xml:8:17-55
uses-feature#0x00020000
ADDED from src\main\AndroidManifest.xml:12:3-76
MERGED from [com.google.android.gms:play-services-maps:17.0.0] AndroidManifest.xml:26:5-28:35
MERGED from [com.google.android.gms:play-services-maps:17.0.0] AndroidManifest.xml:26:5-28:35
	android:glEsVersion
		ADDED from src\main\AndroidManifest.xml:12:17-49
	android:required
		ADDED from src\main\AndroidManifest.xml:12:50-73
uses-permission#android.permission.FOREGROUND_SERVICE
ADDED from src\main\AndroidManifest.xml:14:3-74
MERGED from [androidx.work:work-runtime:2.3.0] AndroidManifest.xml:28:5-77
MERGED from [androidx.work:work-runtime:2.3.0] AndroidManifest.xml:28:5-77
	android:name
		ADDED from src\main\AndroidManifest.xml:14:20-72
uses-permission#android.permission.INTERNET
ADDED from src\main\AndroidManifest.xml:15:3-64
MERGED from [com.devexpress.logify:logify-alert-android:1.0.2] AndroidManifest.xml:12:5-67
MERGED from [com.devexpress.logify:logify-alert-android:1.0.2] AndroidManifest.xml:12:5-67
MERGED from [com.google.android.gms:play-services-maps:17.0.0] AndroidManifest.xml:24:5-67
MERGED from [com.google.android.gms:play-services-maps:17.0.0] AndroidManifest.xml:24:5-67
MERGED from [com.google.android.gms:play-services-measurement-api:17.3.0] AndroidManifest.xml:22:5-67
MERGED from [com.google.android.gms:play-services-measurement-api:17.3.0] AndroidManifest.xml:22:5-67
MERGED from [com.google.firebase:firebase-iid:20.1.5] AndroidManifest.xml:23:5-67
MERGED from [com.google.firebase:firebase-iid:20.1.5] AndroidManifest.xml:23:5-67
MERGED from [com.google.firebase:firebase-installations:16.2.1] AndroidManifest.xml:11:5-67
MERGED from [com.google.firebase:firebase-installations:16.2.1] AndroidManifest.xml:11:5-67
MERGED from [com.google.android.gms:play-services-measurement:17.3.0] AndroidManifest.xml:23:5-67
MERGED from [com.google.android.gms:play-services-measurement:17.3.0] AndroidManifest.xml:23:5-67
MERGED from [com.google.android.gms:play-services-measurement-impl:17.3.0] AndroidManifest.xml:23:5-67
MERGED from [com.google.android.gms:play-services-measurement-impl:17.3.0] AndroidManifest.xml:23:5-67
MERGED from [com.google.android.gms:play-services-measurement-sdk-api:17.3.0] AndroidManifest.xml:23:5-67
MERGED from [com.google.android.gms:play-services-measurement-sdk-api:17.3.0] AndroidManifest.xml:23:5-67
MERGED from [com.google.android.datatransport:transport-backend-cct:2.2.0] AndroidManifest.xml:26:5-67
MERGED from [com.google.android.datatransport:transport-backend-cct:2.2.0] AndroidManifest.xml:26:5-67
MERGED from [com.microsoft.appcenter:appcenter:3.1.0] AndroidManifest.xml:15:5-67
MERGED from [com.microsoft.appcenter:appcenter:3.1.0] AndroidManifest.xml:15:5-67
	android:name
		ADDED from src\main\AndroidManifest.xml:15:20-62
uses-permission#android.permission.ACCESS_FINE_LOCATION
ADDED from src\main\AndroidManifest.xml:16:3-77
	android:name
		ADDED from src\main\AndroidManifest.xml:16:20-74
uses-permission#android.permission.ACCESS_COARSE_LOCATION
ADDED from src\main\AndroidManifest.xml:17:3-79
	android:name
		ADDED from src\main\AndroidManifest.xml:17:20-76
uses-permission#android.permission.ACCESS_BACKGROUND_LOCATION
ADDED from src\main\AndroidManifest.xml:20:3-82
	android:name
		ADDED from src\main\AndroidManifest.xml:20:20-80
uses-permission#android.permission.ACCESS_NETWORK_STATE
ADDED from src\main\AndroidManifest.xml:21:3-77
MERGED from [com.google.android.gms:play-services-maps:17.0.0] AndroidManifest.xml:23:5-79
MERGED from [com.google.android.gms:play-services-maps:17.0.0] AndroidManifest.xml:23:5-79
MERGED from [com.google.android.gms:play-services-measurement-api:17.3.0] AndroidManifest.xml:23:5-79
MERGED from [com.google.android.gms:play-services-measurement-api:17.3.0] AndroidManifest.xml:23:5-79
MERGED from [com.google.firebase:firebase-iid:20.1.5] AndroidManifest.xml:22:5-79
MERGED from [com.google.firebase:firebase-iid:20.1.5] AndroidManifest.xml:22:5-79
MERGED from [com.google.firebase:firebase-installations:16.2.1] AndroidManifest.xml:10:5-79
MERGED from [com.google.firebase:firebase-installations:16.2.1] AndroidManifest.xml:10:5-79
MERGED from [com.google.android.gms:play-services-measurement:17.3.0] AndroidManifest.xml:24:5-79
MERGED from [com.google.android.gms:play-services-measurement:17.3.0] AndroidManifest.xml:24:5-79
MERGED from [com.google.android.gms:play-services-measurement-impl:17.3.0] AndroidManifest.xml:24:5-79
MERGED from [com.google.android.gms:play-services-measurement-impl:17.3.0] AndroidManifest.xml:24:5-79
MERGED from [com.google.android.gms:play-services-measurement-sdk-api:17.3.0] AndroidManifest.xml:24:5-79
MERGED from [com.google.android.gms:play-services-measurement-sdk-api:17.3.0] AndroidManifest.xml:24:5-79
MERGED from [androidx.work:work-runtime:2.3.0] AndroidManifest.xml:26:5-79
MERGED from [androidx.work:work-runtime:2.3.0] AndroidManifest.xml:26:5-79
MERGED from [com.google.android.datatransport:transport-backend-cct:2.2.0] AndroidManifest.xml:25:5-79
MERGED from [com.google.android.datatransport:transport-backend-cct:2.2.0] AndroidManifest.xml:25:5-79
MERGED from [com.google.android.datatransport:transport-runtime:2.2.0] AndroidManifest.xml:22:5-79
MERGED from [com.google.android.datatransport:transport-runtime:2.2.0] AndroidManifest.xml:22:5-79
MERGED from [com.microsoft.appcenter:appcenter:3.1.0] AndroidManifest.xml:16:5-79
MERGED from [com.microsoft.appcenter:appcenter:3.1.0] AndroidManifest.xml:16:5-79
	android:name
		ADDED from src\main\AndroidManifest.xml:21:20-74
uses-permission#android.permission.ACCESS_WIFI_STATE
ADDED from src\main\AndroidManifest.xml:22:3-74
	android:name
		ADDED from src\main\AndroidManifest.xml:22:20-71
uses-permission#android.permission.CAMERA
ADDED from src\main\AndroidManifest.xml:24:3-63
MERGED from [com.otaliastudios:cameraview:2.4.0] AndroidManifest.xml:11:5-65
MERGED from [com.otaliastudios:cameraview:2.4.0] AndroidManifest.xml:11:5-65
	android:name
		ADDED from src\main\AndroidManifest.xml:24:20-60
uses-permission#android.permission.RECORD_AUDIO
ADDED from src\main\AndroidManifest.xml:25:3-68
	android:name
		ADDED from src\main\AndroidManifest.xml:25:20-66
uses-permission#android.permission.WRITE_EXTERNAL_STORAGE
ADDED from src\main\AndroidManifest.xml:27:3-79
	android:name
		ADDED from src\main\AndroidManifest.xml:27:20-76
uses-permission#android.permission.WRITE_INTERNAL_STORAGE
ADDED from src\main\AndroidManifest.xml:29:3-78
	android:name
		ADDED from src\main\AndroidManifest.xml:29:20-76
uses-permission#android.permission.READ_EXTERNAL_STORAGE
ADDED from src\main\AndroidManifest.xml:30:3-77
	android:name
		ADDED from src\main\AndroidManifest.xml:30:20-75
uses-permission#android.permission.RECEIVE_BOOT_COMPLETED
ADDED from src\main\AndroidManifest.xml:33:3-79
MERGED from [androidx.work:work-runtime:2.3.0] AndroidManifest.xml:27:5-81
MERGED from [androidx.work:work-runtime:2.3.0] AndroidManifest.xml:27:5-81
	android:name
		ADDED from src\main\AndroidManifest.xml:33:20-76
uses-permission#android.permission.WAKE_LOCK
ADDED from src\main\AndroidManifest.xml:34:3-66
MERGED from [com.google.android.gms:play-services-measurement-api:17.3.0] AndroidManifest.xml:24:5-68
MERGED from [com.google.android.gms:play-services-measurement-api:17.3.0] AndroidManifest.xml:24:5-68
MERGED from [com.google.firebase:firebase-iid:20.1.5] AndroidManifest.xml:24:5-68
MERGED from [com.google.firebase:firebase-iid:20.1.5] AndroidManifest.xml:24:5-68
MERGED from [com.google.android.gms:play-services-measurement:17.3.0] AndroidManifest.xml:25:5-68
MERGED from [com.google.android.gms:play-services-measurement:17.3.0] AndroidManifest.xml:25:5-68
MERGED from [com.google.android.gms:play-services-measurement-impl:17.3.0] AndroidManifest.xml:25:5-68
MERGED from [com.google.android.gms:play-services-measurement-impl:17.3.0] AndroidManifest.xml:25:5-68
MERGED from [com.google.android.gms:play-services-measurement-sdk-api:17.3.0] AndroidManifest.xml:25:5-68
MERGED from [com.google.android.gms:play-services-measurement-sdk-api:17.3.0] AndroidManifest.xml:25:5-68
MERGED from [androidx.work:work-runtime:2.3.0] AndroidManifest.xml:25:5-68
MERGED from [androidx.work:work-runtime:2.3.0] AndroidManifest.xml:25:5-68
	android:name
		ADDED from src\main\AndroidManifest.xml:34:20-63
uses-permission#android.permission.READ_PHONE_STATE
ADDED from src\main\AndroidManifest.xml:36:3-73
	android:name
		ADDED from src\main\AndroidManifest.xml:36:20-70
uses-permission#android.permission.ACCESS_NOTIFICATION_POLICY
ADDED from src\main\AndroidManifest.xml:37:3-82
	android:name
		ADDED from src\main\AndroidManifest.xml:37:20-80
uses-permission#com.samsung.android.providers.context.permission.WRITE_USE_APP_FEATURE_SURVEY
ADDED from src\main\AndroidManifest.xml:39:3-115
	android:name
		ADDED from src\main\AndroidManifest.xml:39:20-112
application
ADDED from src\main\AndroidManifest.xml:41:3-174:17
MERGED from [com.otaliastudios:cameraview:2.4.0] AndroidManifest.xml:32:5-20
MERGED from [com.otaliastudios:cameraview:2.4.0] AndroidManifest.xml:32:5-20
MERGED from [com.devexpress.logify:logify-alert-android:1.0.2] AndroidManifest.xml:14:5-16:42
MERGED from [com.devexpress.logify:logify-alert-android:1.0.2] AndroidManifest.xml:14:5-16:42
MERGED from [com.karumi:dexter:6.0.0] AndroidManifest.xml:26:5-30:19
MERGED from [com.karumi:dexter:6.0.0] AndroidManifest.xml:26:5-30:19
MERGED from [com.github.tizisdeepan:gallerypicker:1.0.1] AndroidManifest.xml:11:5-13:19
MERGED from [com.github.tizisdeepan:gallerypicker:1.0.1] AndroidManifest.xml:11:5-13:19
MERGED from [com.google.android.material:material:1.2.0-alpha06] AndroidManifest.xml:22:5-20
MERGED from [com.google.android.material:material:1.2.0-alpha06] AndroidManifest.xml:22:5-20
MERGED from [com.github.shivam301296:Android-CustomToast:1.0.1] AndroidManifest.xml:11:5-15:19
MERGED from [com.github.shivam301296:Android-CustomToast:1.0.1] AndroidManifest.xml:11:5-15:19
MERGED from [androidx.constraintlayout:constraintlayout:1.1.3] AndroidManifest.xml:9:5-20
MERGED from [androidx.constraintlayout:constraintlayout:1.1.3] AndroidManifest.xml:9:5-20
MERGED from [androidx.lifecycle:lifecycle-extensions:2.2.0] AndroidManifest.xml:24:5-25:19
MERGED from [androidx.lifecycle:lifecycle-extensions:2.2.0] AndroidManifest.xml:24:5-25:19
MERGED from [com.google.android.gms:play-services-maps:17.0.0] AndroidManifest.xml:30:5-36:19
MERGED from [com.google.android.gms:play-services-maps:17.0.0] AndroidManifest.xml:30:5-36:19
MERGED from [com.google.android.gms:play-services-location:17.0.0] AndroidManifest.xml:7:5-20
MERGED from [com.google.android.gms:play-services-location:17.0.0] AndroidManifest.xml:7:5-20
MERGED from [com.google.firebase:firebase-messaging:20.1.5] AndroidManifest.xml:22:5-42:19
MERGED from [com.google.firebase:firebase-messaging:20.1.5] AndroidManifest.xml:22:5-42:19
MERGED from [com.google.firebase:firebase-analytics:17.3.0] AndroidManifest.xml:7:5-20
MERGED from [com.google.firebase:firebase-analytics:17.3.0] AndroidManifest.xml:7:5-20
MERGED from [com.google.android.gms:play-services-measurement-api:17.3.0] AndroidManifest.xml:26:5-34:19
MERGED from [com.google.android.gms:play-services-measurement-api:17.3.0] AndroidManifest.xml:26:5-34:19
MERGED from [com.google.firebase:firebase-iid:20.1.5] AndroidManifest.xml:28:5-45:19
MERGED from [com.google.firebase:firebase-iid:20.1.5] AndroidManifest.xml:28:5-45:19
MERGED from [com.google.firebase:firebase-iid-interop:17.0.0] AndroidManifest.xml:7:5-8:19
MERGED from [com.google.firebase:firebase-iid-interop:17.0.0] AndroidManifest.xml:7:5-8:19
MERGED from [com.google.android.gms:play-services-base:17.0.0] AndroidManifest.xml:22:5-27:19
MERGED from [com.google.android.gms:play-services-base:17.0.0] AndroidManifest.xml:22:5-27:19
MERGED from [com.google.firebase:firebase-datatransport:17.0.3] AndroidManifest.xml:24:5-32:19
MERGED from [com.google.firebase:firebase-datatransport:17.0.3] AndroidManifest.xml:24:5-32:19
MERGED from [com.google.firebase:firebase-installations:16.2.1] AndroidManifest.xml:13:5-21:19
MERGED from [com.google.firebase:firebase-installations:16.2.1] AndroidManifest.xml:13:5-21:19
MERGED from [com.google.firebase:firebase-common:19.3.0] AndroidManifest.xml:25:5-37:19
MERGED from [com.google.firebase:firebase-common:19.3.0] AndroidManifest.xml:25:5-37:19
MERGED from [com.google.android.gms:play-services-tasks:17.0.0] AndroidManifest.xml:7:5-20
MERGED from [com.google.android.gms:play-services-tasks:17.0.0] AndroidManifest.xml:7:5-20
MERGED from [com.google.android.gms:play-services-places-placereport:17.0.0] AndroidManifest.xml:22:5-20
MERGED from [com.google.android.gms:play-services-places-placereport:17.0.0] AndroidManifest.xml:22:5-20
MERGED from [com.google.android.gms:play-services-measurement:17.3.0] AndroidManifest.xml:28:5-53:19
MERGED from [com.google.android.gms:play-services-measurement:17.3.0] AndroidManifest.xml:28:5-53:19
MERGED from [com.google.android.gms:play-services-measurement-sdk:17.3.0] AndroidManifest.xml:22:5-23:19
MERGED from [com.google.android.gms:play-services-measurement-sdk:17.3.0] AndroidManifest.xml:22:5-23:19
MERGED from [com.google.android.gms:play-services-measurement-impl:17.3.0] AndroidManifest.xml:28:5-38:19
MERGED from [com.google.android.gms:play-services-measurement-impl:17.3.0] AndroidManifest.xml:28:5-38:19
MERGED from [com.google.android.gms:play-services-stats:17.0.0] AndroidManifest.xml:7:5-20
MERGED from [com.google.android.gms:play-services-stats:17.0.0] AndroidManifest.xml:7:5-20
MERGED from [com.google.firebase:firebase-measurement-connector:18.0.0] AndroidManifest.xml:22:5-23:19
MERGED from [com.google.firebase:firebase-measurement-connector:18.0.0] AndroidManifest.xml:22:5-23:19
MERGED from [com.google.android.gms:play-services-measurement-base:17.3.0] AndroidManifest.xml:7:5-20
MERGED from [com.google.android.gms:play-services-measurement-base:17.3.0] AndroidManifest.xml:7:5-20
MERGED from [com.google.android.gms:play-services-ads-identifier:17.0.0] AndroidManifest.xml:22:5-20
MERGED from [com.google.android.gms:play-services-ads-identifier:17.0.0] AndroidManifest.xml:22:5-20
MERGED from [com.google.android.gms:play-services-basement:17.0.0] AndroidManifest.xml:22:5-26:19
MERGED from [com.google.android.gms:play-services-basement:17.0.0] AndroidManifest.xml:22:5-26:19
MERGED from [com.github.bumptech.glide:glide:4.7.1] AndroidManifest.xml:11:5-20
MERGED from [com.github.bumptech.glide:glide:4.7.1] AndroidManifest.xml:11:5-20
MERGED from [androidx.work:work-runtime:2.3.0] AndroidManifest.xml:30:5-130:19
MERGED from [androidx.work:work-runtime:2.3.0] AndroidManifest.xml:30:5-130:19
MERGED from [androidx.room:room-runtime:2.2.5] AndroidManifest.xml:24:5-29:19
MERGED from [androidx.room:room-runtime:2.2.5] AndroidManifest.xml:24:5-29:19
MERGED from [com.firebase:firebase-jobdispatcher:0.8.5] AndroidManifest.xml:26:5-40:19
MERGED from [com.firebase:firebase-jobdispatcher:0.8.5] AndroidManifest.xml:26:5-40:19
MERGED from [com.google.android.datatransport:transport-backend-cct:2.2.0] AndroidManifest.xml:28:5-36:19
MERGED from [com.google.android.datatransport:transport-backend-cct:2.2.0] AndroidManifest.xml:28:5-36:19
MERGED from [com.google.android.datatransport:transport-runtime:2.2.0] AndroidManifest.xml:25:5-39:19
MERGED from [com.google.android.datatransport:transport-runtime:2.2.0] AndroidManifest.xml:25:5-39:19
MERGED from [org.whispersystems:signal-service-android:2.13.9] AndroidManifest.xml:11:5-20
MERGED from [org.whispersystems:signal-service-android:2.13.9] AndroidManifest.xml:11:5-20
MERGED from [de.hdodenhof:circleimageview:3.0.2] AndroidManifest.xml:9:5-20
MERGED from [de.hdodenhof:circleimageview:3.0.2] AndroidManifest.xml:9:5-20
MERGED from [com.pnikosis:materialish-progress:1.7] AndroidManifest.xml:11:5-20
MERGED from [com.pnikosis:materialish-progress:1.7] AndroidManifest.xml:11:5-20
MERGED from [androidx.core:core:1.2.0] AndroidManifest.xml:24:5-89
MERGED from [androidx.core:core:1.2.0] AndroidManifest.xml:24:5-89
MERGED from [androidx.lifecycle:lifecycle-process:2.2.0] AndroidManifest.xml:24:5-30:19
MERGED from [androidx.lifecycle:lifecycle-process:2.2.0] AndroidManifest.xml:24:5-30:19
MERGED from [androidx.versionedparcelable:versionedparcelable:1.1.0] AndroidManifest.xml:24:5-25:19
MERGED from [androidx.versionedparcelable:versionedparcelable:1.1.0] AndroidManifest.xml:24:5-25:19
MERGED from [com.github.bumptech.glide:gifdecoder:4.7.1] AndroidManifest.xml:9:5-20
MERGED from [com.github.bumptech.glide:gifdecoder:4.7.1] AndroidManifest.xml:9:5-20
MERGED from [org.whispersystems:curve25519-android:0.5.0] AndroidManifest.xml:5:5-20
MERGED from [org.whispersystems:curve25519-android:0.5.0] AndroidManifest.xml:5:5-20
	tools:ignore
		ADDED from src\main\AndroidManifest.xml:54:5-44
	android:roundIcon
		ADDED from src\main\AndroidManifest.xml:47:5-50
	android:largeHeap
		ADDED from src\main\AndroidManifest.xml:52:5-29
	android:icon
		ADDED from src\main\AndroidManifest.xml:45:5-39
	android:networkSecurityConfig
		ADDED from src\main\AndroidManifest.xml:51:5-65
	android:appComponentFactory
		ADDED from [androidx.core:core:1.2.0] AndroidManifest.xml:24:18-86
	android:supportsRtl
		ADDED from src\main\AndroidManifest.xml:48:5-31
	android:label
		ADDED from src\main\AndroidManifest.xml:46:5-37
	android:hardwareAccelerated
		ADDED from src\main\AndroidManifest.xml:49:5-39
	android:fullBackupContent
		ADDED from src\main\AndroidManifest.xml:44:5-38
	android:allowBackup
		ADDED from src\main\AndroidManifest.xml:43:5-31
	android:theme
		ADDED from src\main\AndroidManifest.xml:53:5-36
	tools:replace
		ADDED from src\main\AndroidManifest.xml:55:5-49
	android:usesCleartextTraffic
		ADDED from src\main\AndroidManifest.xml:50:5-41
		REJECTED from [com.devexpress.logify:logify-alert-android:1.0.2] AndroidManifest.xml:15:9-44
	android:name
		ADDED from src\main\AndroidManifest.xml:42:5-24
meta-data#com.google.android.maps.v2.API_KEY
ADDED from src\main\AndroidManifest.xml:57:5-60:9
	android:value
		ADDED from src\main\AndroidManifest.xml:59:7-50
	android:name
		ADDED from src\main\AndroidManifest.xml:58:7-56
meta-data#com.google.android.gms.version
ADDED from src\main\AndroidManifest.xml:62:5-65:9
MERGED from [com.google.android.gms:play-services-basement:17.0.0] AndroidManifest.xml:23:9-25:69
MERGED from [com.google.android.gms:play-services-basement:17.0.0] AndroidManifest.xml:23:9-25:69
	android:value
		ADDED from src\main\AndroidManifest.xml:64:7-60
	android:name
		ADDED from src\main\AndroidManifest.xml:63:7-52
activity#com.abona_erp.driver.app.ui.feature.main.MainActivity
ADDED from src\main\AndroidManifest.xml:67:5-77:16
	android:screenOrientation
		ADDED from src\main\AndroidManifest.xml:69:7-50
	android:launchMode